  cFlyCamera.cpp
  cGameManager.cpp
  cGFLWKeyboardModifiers.cpp
  cLightHelper.cpp
  cLightManager.cpp
  cMesh.cpp
  cParticle.cpp
  cParticleConstraint.cpp
  cParticleContact.cpp
  cParticleContactResolver.cpp
D:\graphics clutch\ILoveOpenGL\cParticleContactResolver.cpp(28,39): warning C4267: 'initializing': conversion from 'size_t' to 'unsigned int', possible loss of data
D:\graphics clutch\ILoveOpenGL\cParticleContactResolver.cpp(36,18): warning C4267: '=': conversion from 'size_t' to 'unsigned int', possible loss of data
  cParticleForceRegistry.cpp
  cParticleParticleContact.cpp
  cParticlePlaneContact.cpp
  cParticlePlaneContact.h
  cParticleWorld.cpp
  cShader.cpp
  cShaderManager.cpp
  cSwing.cpp
  cWeaponPhysics.cpp
  cXOFactory.cpp
  Generating Code...
  Compiling...
  cXOPlayer.cpp
  cVAOManager.cpp
D:\graphics clutch\ILoveOpenGL\cVAOManager.cpp(38,8): warning C4101: 'maxExtent': unreferenced local variable
D:\graphics clutch\ILoveOpenGL\cVAOManager.cpp(34,12): warning C4101: 'maxValues': unreferenced local variable
D:\graphics clutch\ILoveOpenGL\cVAOManager.cpp(35,12): warning C4101: 'minValues': unreferenced local variable
D:\graphics clutch\ILoveOpenGL\cVAOManager.cpp(297,13): warning C4101: 'discard': unreferenced local variable
  cWinContextMenu.cpp
  DrawObject_function.cpp
  GLFW_error_callback.cpp
  GLFW_key_callback.cpp
  globalThings.cpp
  InputHandling.cpp
  Load3DModels.cpp
  Shutdown.cpp
  StartUp.cpp
  C24BitBMPpixel.cpp
  cBasicTextureManager.cpp
  CTextureFromBMP.cpp
  theMain.cpp
D:\graphics clutch\ILoveOpenGL\theMain.cpp(14,10): warning C4067: unexpected tokens following preprocessor directive - expected a newline
D:\graphics clutch\ILoveOpenGL\theMain.cpp(415,25): warning C4244: 'argument': conversion from 'double' to 'float', possible loss of data
D:\graphics clutch\ILoveOpenGL\theMain.cpp(515,24): warning C4244: 'initializing': conversion from 'float' to 'int', possible loss of data
D:\graphics clutch\ILoveOpenGL\theMain.cpp(628,20): warning C4244: 'initializing': conversion from 'float' to 'int', possible loss of data
D:\graphics clutch\ILoveOpenGL\theMain.cpp(629,21): warning C4244: 'initializing': conversion from 'float' to 'int', possible loss of data
D:\graphics clutch\ILoveOpenGL\theMain.cpp(686,15): warning C4244: 'initializing': conversion from 'float' to 'int', possible loss of data
  theMainOnlyBlackScreen.cpp
  Generating Code...
  glad.c
x64\Debug\cParticlePlaneContact.obj : warning LNK4042: object specified more than once; extras ignored
glfw3.lib(context.obj) : warning LNK4099: PDB 'glfw3.pdb' was not found with 'glfw3.lib(context.obj)' or at 'D:\graphics clutch\x64\Debug\glfw3.pdb'; linking object as if no debug info
glfw3.lib(init.obj) : warning LNK4099: PDB 'glfw3.pdb' was not found with 'glfw3.lib(init.obj)' or at 'D:\graphics clutch\x64\Debug\glfw3.pdb'; linking object as if no debug info
glfw3.lib(input.obj) : warning LNK4099: PDB 'glfw3.pdb' was not found with 'glfw3.lib(input.obj)' or at 'D:\graphics clutch\x64\Debug\glfw3.pdb'; linking object as if no debug info
glfw3.lib(monitor.obj) : warning LNK4099: PDB 'glfw3.pdb' was not found with 'glfw3.lib(monitor.obj)' or at 'D:\graphics clutch\x64\Debug\glfw3.pdb'; linking object as if no debug info
glfw3.lib(vulkan.obj) : warning LNK4099: PDB 'glfw3.pdb' was not found with 'glfw3.lib(vulkan.obj)' or at 'D:\graphics clutch\x64\Debug\glfw3.pdb'; linking object as if no debug info
glfw3.lib(window.obj) : warning LNK4099: PDB 'glfw3.pdb' was not found with 'glfw3.lib(window.obj)' or at 'D:\graphics clutch\x64\Debug\glfw3.pdb'; linking object as if no debug info
glfw3.lib(win32_init.obj) : warning LNK4099: PDB 'glfw3.pdb' was not found with 'glfw3.lib(win32_init.obj)' or at 'D:\graphics clutch\x64\Debug\glfw3.pdb'; linking object as if no debug info
glfw3.lib(win32_joystick.obj) : warning LNK4099: PDB 'glfw3.pdb' was not found with 'glfw3.lib(win32_joystick.obj)' or at 'D:\graphics clutch\x64\Debug\glfw3.pdb'; linking object as if no debug info
glfw3.lib(win32_monitor.obj) : warning LNK4099: PDB 'glfw3.pdb' was not found with 'glfw3.lib(win32_monitor.obj)' or at 'D:\graphics clutch\x64\Debug\glfw3.pdb'; linking object as if no debug info
glfw3.lib(win32_time.obj) : warning LNK4099: PDB 'glfw3.pdb' was not found with 'glfw3.lib(win32_time.obj)' or at 'D:\graphics clutch\x64\Debug\glfw3.pdb'; linking object as if no debug info
glfw3.lib(win32_thread.obj) : warning LNK4099: PDB 'glfw3.pdb' was not found with 'glfw3.lib(win32_thread.obj)' or at 'D:\graphics clutch\x64\Debug\glfw3.pdb'; linking object as if no debug info
glfw3.lib(win32_window.obj) : warning LNK4099: PDB 'glfw3.pdb' was not found with 'glfw3.lib(win32_window.obj)' or at 'D:\graphics clutch\x64\Debug\glfw3.pdb'; linking object as if no debug info
glfw3.lib(wgl_context.obj) : warning LNK4099: PDB 'glfw3.pdb' was not found with 'glfw3.lib(wgl_context.obj)' or at 'D:\graphics clutch\x64\Debug\glfw3.pdb'; linking object as if no debug info
glfw3.lib(egl_context.obj) : warning LNK4099: PDB 'glfw3.pdb' was not found with 'glfw3.lib(egl_context.obj)' or at 'D:\graphics clutch\x64\Debug\glfw3.pdb'; linking object as if no debug info
glfw3.lib(osmesa_context.obj) : warning LNK4099: PDB 'glfw3.pdb' was not found with 'glfw3.lib(osmesa_context.obj)' or at 'D:\graphics clutch\x64\Debug\glfw3.pdb'; linking object as if no debug info
  ILoveOpenGL.vcxproj -> D:\graphics clutch\x64\Debug\ILoveOpenGL.exe
